<?xml version="1.0" encoding="UTF-8"?>
<testng-results skipped="0" failed="0" ignored="0" total="1" passed="1">
  <reporter-output>
  </reporter-output>
  <suite name="Default suite" duration-ms="23102" started-at="2022-03-01T21:03:22Z" finished-at="2022-03-01T21:03:45Z">
    <groups>
    </groups>
    <test name="Default test" duration-ms="23102" started-at="2022-03-01T21:03:22Z" finished-at="2022-03-01T21:03:45Z">
      <class name="myTestPackage.LoginPage">
        <test-method status="PASS" signature="LoginPageNavigation()[pri:0, instance:myTestPackage.LoginPage@6d00a15d]" name="LoginPageNavigation" duration-ms="23070" started-at="2022-03-02T02:03:22Z" finished-at="2022-03-02T02:03:45Z">
          <reporter-output>
          </reporter-output>
        </test-method> <!-- LoginPageNavigation -->
      </class> <!-- myTestPackage.LoginPage -->
    </test> <!-- Default test -->
  </suite> <!-- Default suite -->
</testng-results>
